<?xml version="1.0" encoding="UTF-8"?>
<testng-results skipped="0" failed="1" total="1" passed="0">
  <reporter-output>
  </reporter-output>
  <suite name="Default suite" duration-ms="7211" started-at="2020-10-26T11:53:06Z" finished-at="2020-10-26T11:53:13Z">
    <groups>
    </groups>
    <test name="Default test" duration-ms="7211" started-at="2020-10-26T11:53:06Z" finished-at="2020-10-26T11:53:13Z">
      <class name="com.javaLive.test.SpringBootHelloWorldTests">
        <test-method status="PASS" signature="springTestContextBeforeTestClass()[pri:0, instance:com.javaLive.test.SpringBootHelloWorldTests@400cff1a]" name="springTestContextBeforeTestClass" is-config="true" duration-ms="36" started-at="2020-10-26T17:23:06Z" finished-at="2020-10-26T17:23:06Z">
          <reporter-output>
          </reporter-output>
        </test-method> <!-- springTestContextBeforeTestClass -->
        <test-method status="PASS" signature="springTestContextPrepareTestInstance()[pri:0, instance:com.javaLive.test.SpringBootHelloWorldTests@400cff1a]" name="springTestContextPrepareTestInstance" is-config="true" duration-ms="6743" started-at="2020-10-26T17:23:06Z" depends-on-methods="org.springframework.test.context.testng.AbstractTestNGSpringContextTests.springTestContextBeforeTestClass" finished-at="2020-10-26T17:23:13Z">
          <reporter-output>
          </reporter-output>
        </test-method> <!-- springTestContextPrepareTestInstance -->
        <test-method status="PASS" signature="setup()[pri:0, instance:com.javaLive.test.SpringBootHelloWorldTests@400cff1a]" name="setup" is-config="true" duration-ms="97" started-at="2020-10-26T17:23:13Z" finished-at="2020-10-26T17:23:13Z">
          <reporter-output>
          </reporter-output>
        </test-method> <!-- setup -->
        <test-method status="PASS" signature="springTestContextBeforeTestMethod(java.lang.reflect.Method)[pri:0, instance:com.javaLive.test.SpringBootHelloWorldTests@400cff1a]" name="springTestContextBeforeTestMethod" is-config="true" duration-ms="2" started-at="2020-10-26T17:23:13Z" finished-at="2020-10-26T17:23:13Z">
          <params>
            <param index="0">
              <value>
                <![CDATA[public void com.javaLive.test.SpringBootHelloWorldTests.testEmployee() throws java.lang.Exception]]>
              </value>
            </param>
          </params>
          <reporter-output>
          </reporter-output>
        </test-method> <!-- springTestContextBeforeTestMethod -->
        <test-method status="FAIL" signature="testEmployee()[pri:0, instance:com.javaLive.test.SpringBootHelloWorldTests@400cff1a]" name="testEmployee" duration-ms="283" started-at="2020-10-26T17:23:13Z" finished-at="2020-10-26T17:23:13Z">
          <exception class="java.lang.AssertionError">
            <message>
              <![CDATA[JSON path "$.salary" expected:<4000> but was:<3000>]]>
            </message>
            <full-stacktrace>
              <![CDATA[java.lang.AssertionError: JSON path "$.salary" expected:<4000> but was:<3000>
	at org.springframework.test.util.AssertionErrors.fail(AssertionErrors.java:54)
	at org.springframework.test.util.AssertionErrors.assertEquals(AssertionErrors.java:81)
	at org.springframework.test.util.JsonPathExpectationsHelper.assertValue(JsonPathExpectationsHelper.java:116)
	at org.springframework.test.web.servlet.result.JsonPathResultMatchers$2.match(JsonPathResultMatchers.java:99)
	at org.springframework.test.web.servlet.MockMvc$1.andExpect(MockMvc.java:171)
	at com.javaLive.test.SpringBootHelloWorldTests.testEmployee(SpringBootHelloWorldTests.java:37)
	at sun.reflect.NativeMethodAccessorImpl.invoke0(Native Method)
	at sun.reflect.NativeMethodAccessorImpl.invoke(Unknown Source)
	at sun.reflect.DelegatingMethodAccessorImpl.invoke(Unknown Source)
	at java.lang.reflect.Method.invoke(Unknown Source)
	at org.testng.internal.MethodInvocationHelper.invokeMethod(MethodInvocationHelper.java:84)
	at org.testng.internal.MethodInvocationHelper$1.runTestMethod(MethodInvocationHelper.java:200)
	at org.springframework.test.context.testng.AbstractTestNGSpringContextTests.run(AbstractTestNGSpringContextTests.java:175)
	at sun.reflect.NativeMethodAccessorImpl.invoke0(Native Method)
	at sun.reflect.NativeMethodAccessorImpl.invoke(Unknown Source)
	at sun.reflect.DelegatingMethodAccessorImpl.invoke(Unknown Source)
	at java.lang.reflect.Method.invoke(Unknown Source)
	at org.testng.internal.MethodInvocationHelper.invokeHookable(MethodInvocationHelper.java:212)
	at org.testng.internal.Invoker.invokeMethod(Invoker.java:707)
	at org.testng.internal.Invoker.invokeTestMethod(Invoker.java:901)
	at org.testng.internal.Invoker.invokeTestMethods(Invoker.java:1231)
	at org.testng.internal.TestMethodWorker.invokeTestMethods(TestMethodWorker.java:127)
	at org.testng.internal.TestMethodWorker.run(TestMethodWorker.java:111)
	at org.testng.TestRunner.privateRun(TestRunner.java:767)
	at org.testng.TestRunner.run(TestRunner.java:617)
	at org.testng.SuiteRunner.runTest(SuiteRunner.java:334)
	at org.testng.SuiteRunner.runSequentially(SuiteRunner.java:329)
	at org.testng.SuiteRunner.privateRun(SuiteRunner.java:291)
	at org.testng.SuiteRunner.run(SuiteRunner.java:240)
	at org.testng.SuiteRunnerWorker.runSuite(SuiteRunnerWorker.java:52)
	at org.testng.SuiteRunnerWorker.run(SuiteRunnerWorker.java:86)
	at org.testng.TestNG.runSuitesSequentially(TestNG.java:1224)
	at org.testng.TestNG.runSuitesLocally(TestNG.java:1149)
	at org.testng.TestNG.run(TestNG.java:1057)
	at org.testng.remote.AbstractRemoteTestNG.run(AbstractRemoteTestNG.java:114)
	at org.testng.remote.RemoteTestNG.initAndRun(RemoteTestNG.java:251)
	at org.testng.remote.RemoteTestNG.main(RemoteTestNG.java:77)
]]>
            </full-stacktrace>
          </exception> <!-- java.lang.AssertionError -->
          <reporter-output>
          </reporter-output>
        </test-method> <!-- testEmployee -->
        <test-method status="PASS" signature="springTestContextAfterTestMethod(java.lang.reflect.Method)[pri:0, instance:com.javaLive.test.SpringBootHelloWorldTests@400cff1a]" name="springTestContextAfterTestMethod" is-config="true" duration-ms="10" started-at="2020-10-26T17:23:13Z" finished-at="2020-10-26T17:23:13Z">
          <params>
            <param index="0">
              <value>
                <![CDATA[public void com.javaLive.test.SpringBootHelloWorldTests.testEmployee() throws java.lang.Exception]]>
              </value>
            </param>
          </params>
          <reporter-output>
          </reporter-output>
        </test-method> <!-- springTestContextAfterTestMethod -->
        <test-method status="PASS" signature="springTestContextAfterTestClass()[pri:0, instance:com.javaLive.test.SpringBootHelloWorldTests@400cff1a]" name="springTestContextAfterTestClass" is-config="true" duration-ms="1" started-at="2020-10-26T17:23:13Z" finished-at="2020-10-26T17:23:13Z">
          <reporter-output>
          </reporter-output>
        </test-method> <!-- springTestContextAfterTestClass -->
      </class> <!-- com.javaLive.test.SpringBootHelloWorldTests -->
    </test> <!-- Default test -->
  </suite> <!-- Default suite -->
</testng-results>
